24/10 12:05:51 EasyPHP EasyPHP Servers starting
24/10 12:05:54 EasyPHP StartChildProcess "g:\EASYPH~1.10\Apache\bin\apache.exe"
24/10 12:05:55 EasyPHP Apache::StartExe ScanProcess found pid=1124
24/10 12:05:56 EasyPHP CreateProcess "g:\EASYPH~1.10\MySql\bin\mysqld.exe --defaults-file="g:\EASYPH~1.10\MySql\my.ini" --language=english"
24/10 12:05:57 EasyPHP MySql   Configuration file changed
24/10 12:05:57 EasyPHP MySqlSutdown event = MySQLShutdown8072
24/10 12:05:57 EasyPHP MySqlSutdown event open fail = 2
24/10 12:06:06 EasyPHP Apache  Configuration file changed
24/10 12:06:06 EasyPHP Apache restart event: ap1124_restart
24/10 12:07:50 EasyPHP CreateProcess "g:\EASYPH~1.10\MySql\bin\mysqld.exe --defaults-file="g:\EASYPH~1.10\MySql\my.ini" --language=english"
24/10 12:07:56 EasyPHP EasyPHP Stop the servers
24/10 12:07:56 EasyPHP Apache stop event: ap1124_shutdown
24/10 12:07:59 EasyPHP MySqlSutdown event = MySQLShutdown4884
24/10 12:07:59 EasyPHP End EasyPHP...
24/10 12:11:07 EasyPHP EasyPHP Servers starting
24/10 12:11:10 EasyPHP StartChildProcess "G:\EASYPH~1.10\Apache\bin\apache.exe"
24/10 12:11:11 EasyPHP Apache::StartExe ScanProcess found pid=11732
24/10 12:11:12 EasyPHP CreateProcess "G:\EASYPH~1.10\MySql\bin\mysqld.exe --defaults-file="G:\EASYPH~1.10\MySql\my.ini" --language=english"
24/10 12:11:13 EasyPHP MySql   Configuration file changed
24/10 12:11:13 EasyPHP MySqlSutdown event = MySQLShutdown8564
24/10 12:11:13 EasyPHP MySqlSutdown event open fail = 2
24/10 12:11:13 EasyPHP Apache  Configuration file changed
24/10 12:11:13 EasyPHP Apache restart event: ap11732_restart
24/10 12:11:21 EasyPHP CreateProcess "G:\EASYPH~1.10\MySql\bin\mysqld.exe --defaults-file="G:\EASYPH~1.10\MySql\my.ini" --language=english"
28/10 18:17:45 EasyPHP EasyPHP Stop the servers
28/10 18:17:45 EasyPHP Apache stop event: ap11732_shutdown
28/10 18:18:26 EasyPHP MySqlSutdown event = MySQLShutdown7312
28/10 18:18:27 EasyPHP End EasyPHP...
01/11 14:33:24 EasyPHP EasyPHP Servers starting
01/11 14:33:28 EasyPHP VerifyConfFile : WaitForSingleObject timeout for pid 3308
01/11 14:33:28 EasyPHP Apache2 ServerBase::Start ScanProcess -> 3380
01/11 14:33:28 EasyPHP CreateProcess "E:\EASYPH~1.10\MySql\bin\mysqld.exe --defaults-file="E:\EASYPH~1.10\MySql\my.ini" --language=english"
01/11 14:33:30 EasyPHP MySql   Configuration file changed
01/11 14:33:30 EasyPHP MySqlSutdown event = MySQLShutdown2088
01/11 14:33:30 EasyPHP MySqlSutdown event open fail = 2
01/11 14:33:30 EasyPHP Apache  Configuration file changed
01/11 14:33:30 EasyPHP Apache restart event: ap3380_restart
01/11 14:33:30 EasyPHP ServerBase::TimerProc : GetProcessVersion Apache2 (pid: 3380) error 5
01/11 14:33:30 EasyPHP Apache  Unexpected end of Apache !
01/11 14:33:46 EasyPHP StartChildProcess "E:\EASYPH~1.10\Apache\bin\apache.exe"
01/11 14:33:48 EasyPHP Apache::StartExe ScanProcess found pid=3328
01/11 14:33:55 EasyPHP CreateProcess "E:\EASYPH~1.10\MySql\bin\mysqld.exe --defaults-file="E:\EASYPH~1.10\MySql\my.ini" --language=english"
01/11 16:06:08 EasyPHP EasyPHP Stop the servers
01/11 16:06:08 EasyPHP Apache stop event: ap3328_shutdown
01/11 16:06:15 EasyPHP MySqlSutdown event = MySQLShutdown660
01/11 16:06:16 EasyPHP End EasyPHP...
02/11 11:27:18 EasyPHP EasyPHP Servers starting
02/11 11:27:22 EasyPHP StartChildProcess "E:\EASYPH~1.10\Apache\bin\apache.exe"
02/11 11:27:24 EasyPHP Apache::StartExe ScanProcess found pid=2304
02/11 11:27:24 EasyPHP CreateProcess "E:\EASYPH~1.10\MySql\bin\mysqld.exe --defaults-file="E:\EASYPH~1.10\MySql\my.ini" --language=english"
02/11 11:27:25 EasyPHP MySql   Configuration file changed
02/11 11:27:25 EasyPHP MySqlSutdown event = MySQLShutdown2376
02/11 11:27:25 EasyPHP MySqlSutdown event open fail = 2
02/11 11:27:26 EasyPHP Apache  Configuration file changed
02/11 11:27:26 EasyPHP Apache restart event: ap2304_restart
02/11 11:36:42 EasyPHP CreateProcess "E:\EASYPH~1.10\MySql\bin\mysqld.exe --defaults-file="E:\EASYPH~1.10\MySql\my.ini" --language=english"
02/11 12:24:57 EasyPHP EasyPHP Stop the servers
02/11 12:24:57 EasyPHP Apache stop event: ap2304_shutdown
02/11 12:25:00 EasyPHP MySqlSutdown event = MySQLShutdown780
02/11 12:25:00 EasyPHP End EasyPHP...
10/11 14:35:13 EasyPHP EasyPHP Servers starting
10/11 14:35:16 EasyPHP StartChildProcess "E:\EASYPH~1.10\Apache\bin\apache.exe"
10/11 14:35:17 EasyPHP Apache::StartExe ScanProcess found pid=5132
10/11 14:35:17 EasyPHP CreateProcess "E:\EASYPH~1.10\MySql\bin\mysqld.exe --defaults-file="E:\EASYPH~1.10\MySql\my.ini" --language=english"
10/11 14:35:20 EasyPHP MySql   Configuration file changed
10/11 14:35:20 EasyPHP MySqlSutdown event = MySQLShutdown4052
10/11 14:35:20 EasyPHP MySqlSutdown event open fail = 2
10/11 14:35:20 EasyPHP Apache  Configuration file changed
10/11 14:35:20 EasyPHP Apache restart event: ap5132_restart
10/11 14:35:29 EasyPHP MySQL ServerBase::Start ScanProcess -> 4052
10/11 14:35:30 EasyPHP ServerBase::TimerProc : GetProcessVersion MySQL (pid: 4052) error 5
10/11 14:35:33 EasyPHP CreateProcess "E:\EASYPH~1.10\MySql\bin\mysqld.exe --defaults-file="E:\EASYPH~1.10\MySql\my.ini" --language=english"
10/11 15:10:34 EasyPHP EasyPHP Stop the servers
10/11 15:10:34 EasyPHP Apache stop event: ap5132_shutdown
10/11 15:10:37 EasyPHP MySqlSutdown event = MySQLShutdown4068
10/11 15:10:37 EasyPHP End EasyPHP...
14/11 09:14:55 EasyPHP EasyPHP Servers starting
14/11 09:14:59 EasyPHP StartChildProcess "E:\EASYPH~1.10\Apache\bin\apache.exe"
14/11 09:15:01 EasyPHP Apache::StartExe ScanProcess found pid=356
14/11 09:15:01 EasyPHP CreateProcess "E:\EASYPH~1.10\MySql\bin\mysqld.exe --defaults-file="E:\EASYPH~1.10\MySql\my.ini" --language=english"
14/11 09:15:02 EasyPHP MySql   Configuration file changed
14/11 09:15:02 EasyPHP MySqlSutdown event = MySQLShutdown656
14/11 09:15:02 EasyPHP MySqlSutdown event open fail = 2
14/11 09:15:02 EasyPHP Apache  Configuration file changed
14/11 09:15:02 EasyPHP Apache restart event: ap356_restart
14/11 09:55:53 EasyPHP EasyPHP Stop the servers
14/11 09:55:53 EasyPHP Apache stop event: ap356_shutdown
14/11 09:55:56 EasyPHP End EasyPHP...
30/12 14:59:38 EasyPHP EasyPHP Servers starting
30/12 14:59:40 EasyPHP StartChildProcess "G:\EASYPH~1.10\Apache\bin\apache.exe"
30/12 14:59:41 EasyPHP Apache::StartExe ScanProcess found pid=6512
30/12 14:59:42 EasyPHP CreateProcess "G:\EASYPH~1.10\MySql\bin\mysqld.exe --defaults-file="G:\EASYPH~1.10\MySql\my.ini" --language=english"
30/12 14:59:43 EasyPHP MySql   Configuration file changed
30/12 14:59:43 EasyPHP MySqlSutdown event = MySQLShutdown6676
30/12 14:59:43 EasyPHP MySqlSutdown event open fail = 2
30/12 14:59:44 EasyPHP Apache  Configuration file changed
30/12 14:59:44 EasyPHP Apache restart event: ap6512_restart
30/12 15:58:50 EasyPHP EasyPHP Stop the servers
30/12 15:58:50 EasyPHP Apache stop event: ap6512_shutdown
30/12 15:58:58 EasyPHP End EasyPHP...
30/12 17:49:15 EasyPHP EasyPHP Servers starting
30/12 17:49:18 EasyPHP StartChildProcess "G:\EASYPH~1.10\Apache\bin\apache.exe"
30/12 17:49:19 EasyPHP Apache::StartExe ScanProcess found pid=7300
30/12 17:49:20 EasyPHP MySql   Configuration file changed
30/12 17:49:20 EasyPHP MySqlSutdown event = MySQLShutdown6676
30/12 17:49:20 EasyPHP Apache  Configuration file changed
30/12 17:49:20 EasyPHP Apache restart event: ap7300_restart
30/12 17:49:22 EasyPHP ServerBase::TimerProc : GetProcessVersion MySQL (pid: 6676) error 87
30/12 17:49:24 EasyPHP CreateProcess "G:\EASYPH~1.10\MySql\bin\mysqld.exe --defaults-file="G:\EASYPH~1.10\MySql\my.ini" --language=english"
30/12 18:39:12 EasyPHP EasyPHP Stop the servers
30/12 18:39:12 EasyPHP Apache stop event: ap7300_shutdown
30/12 18:39:23 EasyPHP MySqlSutdown event = MySQLShutdown6884
30/12 18:39:23 EasyPHP End EasyPHP...
02/01 10:09:12 EasyPHP EasyPHP Servers starting
02/01 10:09:13 EasyPHP Apache  Apache cannot be runned : another Web server use the Web port or port is blocked by firewall.
02/01 10:09:13 EasyPHP MySql   Configuration file changed
02/01 10:09:13 EasyPHP Apache  Configuration file changed
02/01 10:09:18 EasyPHP CreateProcess "G:\EASYPH~1.10\MySql\bin\mysqld.exe --defaults-file="G:\EASYPH~1.10\MySql\my.ini" --language=english"
02/01 10:09:55 EasyPHP Apache  Apache cannot be runned : another Web server use the Web port or port is blocked by firewall.
02/01 10:10:06 EasyPHP EasyPHP Stop the servers
02/01 10:10:06 EasyPHP MySqlSutdown event = MySQLShutdown4296
02/01 10:10:07 EasyPHP End EasyPHP...
02/01 10:10:18 EasyPHP EasyPHP Servers starting
02/01 10:10:20 EasyPHP StartChildProcess "G:\EASYPH~1.10\Apache\bin\apache.exe"
02/01 10:10:21 EasyPHP Apache::StartExe ScanProcess found pid=3612
02/01 10:10:22 EasyPHP CreateProcess "G:\EASYPH~1.10\MySql\bin\mysqld.exe --defaults-file="G:\EASYPH~1.10\MySql\my.ini" --language=english"
02/01 10:10:22 EasyPHP MySql   Configuration file changed
02/01 10:10:22 EasyPHP MySqlSutdown event = MySQLShutdown2064
02/01 10:10:22 EasyPHP MySqlSutdown event open fail = 2
02/01 10:10:23 EasyPHP Apache  Configuration file changed
02/01 10:10:23 EasyPHP Apache restart event: ap3612_restart
02/01 10:10:43 EasyPHP CreateProcess "G:\EASYPH~1.10\MySql\bin\mysqld.exe --defaults-file="G:\EASYPH~1.10\MySql\my.ini" --language=english"
02/01 16:46:29 EasyPHP EasyPHP Stop the servers
02/01 16:46:29 EasyPHP Apache stop event: ap3612_shutdown
02/01 16:46:36 EasyPHP MySqlSutdown event = MySQLShutdown2808
02/01 16:46:36 EasyPHP End EasyPHP...
05/01 14:43:01 EasyPHP EasyPHP Servers starting
05/01 14:43:04 EasyPHP StartChildProcess "E:\EASYPH~1.10\Apache\bin\apache.exe"
05/01 14:43:05 EasyPHP Apache::StartExe ScanProcess found pid=3212
05/01 14:43:05 EasyPHP CreateProcess "E:\EASYPH~1.10\MySql\bin\mysqld.exe --defaults-file="E:\EASYPH~1.10\MySql\my.ini" --language=english"
05/01 14:43:07 EasyPHP MySql   Configuration file changed
05/01 14:43:07 EasyPHP MySqlSutdown event = MySQLShutdown224
05/01 14:43:07 EasyPHP MySqlSutdown event open fail = 2
05/01 14:43:07 EasyPHP Apache  Configuration file changed
05/01 14:43:07 EasyPHP Apache restart event: ap3212_restart
05/01 14:43:14 EasyPHP CreateProcess "E:\EASYPH~1.10\MySql\bin\mysqld.exe --defaults-file="E:\EASYPH~1.10\MySql\my.ini" --language=english"
05/01 14:55:38 EasyPHP EasyPHP Stop the servers
05/01 14:55:38 EasyPHP Apache stop event: ap3212_shutdown
05/01 14:55:40 EasyPHP MySqlSutdown event = MySQLShutdown3460
05/01 14:55:40 EasyPHP End EasyPHP...
06/01 22:01:25 EasyPHP EasyPHP Servers starting
06/01 22:01:29 EasyPHP VerifyConfFile : WaitForSingleObject timeout for pid 3892
06/01 22:01:29 EasyPHP Apache2 ServerBase::Start ScanProcess -> 7156
06/01 22:01:30 EasyPHP CreateProcess "G:\EASYPH~1.10\MySql\bin\mysqld.exe --defaults-file="G:\EASYPH~1.10\MySql\my.ini" --language=english"
06/01 22:01:44 EasyPHP ServerBase::TimerProc : GetProcessVersion Apache2 (pid: 7156) error 87
06/01 22:01:47 EasyPHP MySql   Configuration file changed
06/01 22:01:47 EasyPHP MySqlSutdown event = MySQLShutdown5180
06/01 22:01:47 EasyPHP MySqlSutdown event open fail = 2
06/01 22:01:50 EasyPHP Apache  Configuration file changed
06/01 22:02:25 EasyPHP StartChildProcess "G:\EASYPH~1.10\Apache\bin\apache.exe"
06/01 22:02:27 EasyPHP Apache::StartExe ScanProcess found pid=6880
06/01 22:02:34 EasyPHP CreateProcess "G:\EASYPH~1.10\MySql\bin\mysqld.exe --defaults-file="G:\EASYPH~1.10\MySql\my.ini" --language=english"
07/01 05:12:26 EasyPHP EasyPHP Stop the servers
07/01 05:12:26 EasyPHP Apache stop event: ap6880_shutdown
07/01 05:12:33 EasyPHP MySqlSutdown event = MySQLShutdown7960
07/01 05:12:33 EasyPHP End EasyPHP...
13/01 12:18:19 EasyPHP EasyPHP Servers starting
13/01 12:18:22 EasyPHP StartChildProcess "E:\EASYPH~1.10\Apache\bin\apache.exe"
13/01 12:18:24 EasyPHP Apache::StartExe ScanProcess found pid=3368
13/01 12:18:24 EasyPHP CreateProcess "E:\EASYPH~1.10\MySql\bin\mysqld.exe --defaults-file="E:\EASYPH~1.10\MySql\my.ini" --language=english"
13/01 12:18:25 EasyPHP MySql   Configuration file changed
13/01 12:18:25 EasyPHP MySqlSutdown event = MySQLShutdown3800
13/01 12:18:25 EasyPHP MySqlSutdown event open fail = 2
13/01 12:18:25 EasyPHP Apache  Configuration file changed
13/01 12:18:25 EasyPHP Apache restart event: ap3368_restart
13/01 12:38:56 EasyPHP EasyPHP Stop the servers
13/01 12:38:56 EasyPHP Apache stop event: ap3368_shutdown
13/01 12:38:59 EasyPHP End EasyPHP...
18/01 11:44:39 EasyPHP EasyPHP Servers starting
18/01 11:44:43 EasyPHP StartChildProcess "E:\EASYPH~1.10\Apache\bin\apache.exe"
18/01 11:44:44 EasyPHP Apache::StartExe ScanProcess found pid=3844
18/01 11:44:44 EasyPHP CreateProcess "E:\EASYPH~1.10\MySql\bin\mysqld.exe --defaults-file="E:\EASYPH~1.10\MySql\my.ini" --language=english"
18/01 11:44:45 EasyPHP MySql   Configuration file changed
18/01 11:44:45 EasyPHP MySqlSutdown event = MySQLShutdown2156
18/01 11:44:45 EasyPHP MySqlSutdown event open fail = 2
18/01 11:44:46 EasyPHP Apache  Configuration file changed
18/01 11:44:46 EasyPHP Apache restart event: ap3844_restart
18/01 12:25:23 EasyPHP EasyPHP Stop the servers
18/01 12:25:23 EasyPHP Apache stop event: ap3844_shutdown
18/01 12:25:26 EasyPHP End EasyPHP...
26/01 13:30:06 EasyPHP EasyPHP Servers starting
26/01 13:30:09 EasyPHP StartChildProcess "G:\EASYPH~1.10\Apache\bin\apache.exe"
26/01 13:30:10 EasyPHP Apache::StartExe ScanProcess found pid=5072
26/01 13:30:10 EasyPHP CreateProcess "G:\EASYPH~1.10\MySql\bin\mysqld.exe --defaults-file="G:\EASYPH~1.10\MySql\my.ini" --language=english"
26/01 13:30:12 EasyPHP MySql   Configuration file changed
26/01 13:30:12 EasyPHP MySqlSutdown event = MySQLShutdown4756
26/01 13:30:12 EasyPHP MySqlSutdown event open fail = 2
26/01 13:30:12 EasyPHP Apache  Configuration file changed
26/01 13:30:12 EasyPHP Apache restart event: ap5072_restart
26/01 13:36:13 EasyPHP CreateProcess "G:\EASYPH~1.10\MySql\bin\mysqld.exe --defaults-file="G:\EASYPH~1.10\MySql\my.ini" --language=english"
26/01 14:22:24 EasyPHP EasyPHP Stop the servers
26/01 14:22:24 EasyPHP Apache stop event: ap5072_shutdown
26/01 14:22:27 EasyPHP MySqlSutdown event = MySQLShutdown6100
26/01 14:22:27 EasyPHP End EasyPHP...
10/02 12:53:31 EasyPHP EasyPHP Servers starting
10/02 12:53:35 EasyPHP VerifyConfFile : WaitForSingleObject timeout for pid 4784
10/02 12:53:35 EasyPHP Apache2 ServerBase::Start ScanProcess -> 3044
10/02 12:53:36 EasyPHP CreateProcess "G:\EASYPH~1.10\MySql\bin\mysqld.exe --defaults-file="G:\EASYPH~1.10\MySql\my.ini" --language=english"
10/02 12:53:37 EasyPHP ServerBase::TimerProc : GetProcessVersion Apache2 (pid: 3044) error 87
10/02 12:53:37 EasyPHP MySql   Configuration file changed
10/02 12:53:37 EasyPHP MySqlSutdown event = MySQLShutdown4652
10/02 12:53:37 EasyPHP MySqlSutdown event open fail = 2
10/02 12:53:38 EasyPHP Apache  Configuration file changed
10/02 12:53:44 EasyPHP StartChildProcess "G:\EASYPH~1.10\Apache\bin\apache.exe"
10/02 12:53:45 EasyPHP Apache::StartExe ScanProcess found pid=5700
10/02 12:53:53 EasyPHP CreateProcess "G:\EASYPH~1.10\MySql\bin\mysqld.exe --defaults-file="G:\EASYPH~1.10\MySql\my.ini" --language=english"
10/02 15:51:17 EasyPHP EasyPHP Stop the servers
10/02 15:51:17 EasyPHP Apache stop event: ap5700_shutdown
10/02 15:51:19 EasyPHP MySqlSutdown event = MySQLShutdown5104
10/02 15:51:19 EasyPHP End EasyPHP...
10/02 10:46:15 EasyPHP EasyPHP Servers starting
10/02 10:46:16 EasyPHP StartChildProcess "F:\EASYPH~1.10\Apache\bin\apache.exe"
10/02 10:46:18 EasyPHP Apache::StartExe ScanProcess found pid=372
10/02 10:46:18 EasyPHP CreateProcess "F:\EASYPH~1.10\MySql\bin\mysqld.exe --defaults-file="F:\EASYPH~1.10\MySql\my.ini" --language=english"
10/02 10:46:19 EasyPHP MySql   Configuration file changed
10/02 10:46:19 EasyPHP MySqlSutdown event = MySQLShutdown416
10/02 10:46:19 EasyPHP MySqlSutdown event open fail = 2
10/02 10:46:20 EasyPHP Apache  Configuration file changed
10/02 10:46:20 EasyPHP Apache restart event: ap372_restart
10/02 10:46:57 EasyPHP CreateProcess "F:\EASYPH~1.10\MySql\bin\mysqld.exe --defaults-file="F:\EASYPH~1.10\MySql\my.ini" --language=english"
10/02 10:49:34 EasyPHP EasyPHP Stop the servers
10/02 10:49:34 EasyPHP Apache stop event: ap372_shutdown
10/02 10:49:39 EasyPHP MySqlSutdown event = MySQLShutdown2348
10/02 10:49:39 EasyPHP End EasyPHP...
22/02 16:09:52 EasyPHP EasyPHP Servers starting
22/02 16:09:55 EasyPHP StartChildProcess "F:\EASYPH~1.10\Apache\bin\apache.exe"
22/02 16:09:56 EasyPHP Apache::StartExe ScanProcess found pid=3672
22/02 16:09:56 EasyPHP CreateProcess "F:\EASYPH~1.10\MySql\bin\mysqld.exe --defaults-file="F:\EASYPH~1.10\MySql\my.ini" --language=english"
22/02 16:09:57 EasyPHP MySql   Configuration file changed
22/02 16:09:57 EasyPHP MySqlSutdown event = MySQLShutdown5628
22/02 16:09:57 EasyPHP MySqlSutdown event open fail = 2
22/02 16:09:58 EasyPHP Apache  Configuration file changed
22/02 16:09:58 EasyPHP Apache restart event: ap3672_restart
22/02 16:18:04 EasyPHP CreateProcess "F:\EASYPH~1.10\MySql\bin\mysqld.exe --defaults-file="F:\EASYPH~1.10\MySql\my.ini" --language=english"
22/02 16:21:03 EasyPHP EasyPHP Stop the servers
22/02 16:21:03 EasyPHP Apache stop event: ap3672_shutdown
22/02 16:21:05 EasyPHP MySqlSutdown event = MySQLShutdown5948
22/02 16:21:05 EasyPHP End EasyPHP...
28/02 13:49:36 EasyPHP EasyPHP Servers starting
28/02 13:49:39 EasyPHP StartChildProcess "E:\EASYPH~1.10\Apache\bin\apache.exe"
28/02 13:49:40 EasyPHP Apache::StartExe ScanProcess found pid=3876
28/02 13:49:40 EasyPHP CreateProcess "E:\EASYPH~1.10\MySql\bin\mysqld.exe --defaults-file="E:\EASYPH~1.10\MySql\my.ini" --language=english"
28/02 13:49:41 EasyPHP MySql   Configuration file changed
28/02 13:49:41 EasyPHP MySqlSutdown event = MySQLShutdown4004
28/02 13:49:41 EasyPHP MySqlSutdown event open fail = 2
28/02 13:49:42 EasyPHP Apache  Configuration file changed
28/02 13:49:42 EasyPHP Apache restart event: ap3876_restart
28/02 13:49:50 EasyPHP CreateProcess "E:\EASYPH~1.10\MySql\bin\mysqld.exe --defaults-file="E:\EASYPH~1.10\MySql\my.ini" --language=english"
28/02 14:21:34 EasyPHP EasyPHP Stop the servers
28/02 14:21:34 EasyPHP Apache stop event: ap3876_shutdown
28/02 14:21:37 EasyPHP MySqlSutdown event = MySQLShutdown484
28/02 14:21:37 EasyPHP End EasyPHP...
09/11 10:37:58 EasyPHP EasyPHP Servers starting
09/11 10:38:03 EasyPHP VerifyConfFile : WaitForSingleObject timeout for pid 5696
09/11 10:38:04 EasyPHP StartChildProcess "E:\EASYPH~1.10\Apache\bin\apache.exe"
09/11 10:38:06 EasyPHP Apache::StartExe ScanProcess found pid=5896
09/11 10:38:07 EasyPHP CreateProcess "E:\EASYPH~1.10\MySql\bin\mysqld.exe --defaults-file="E:\EASYPH~1.10\MySql\my.ini" --language=english"
09/11 10:38:10 EasyPHP MySql   Configuration file changed
09/11 10:38:10 EasyPHP MySqlSutdown event = MySQLShutdown2716
09/11 10:38:10 EasyPHP MySqlSutdown event open fail = 2
09/11 10:38:12 EasyPHP Apache  Configuration file changed
09/11 10:38:12 EasyPHP Apache restart event: ap5896_restart
09/11 10:39:29 EasyPHP MySQL ServerBase::Start ScanProcess -> 2716
09/11 10:39:29 EasyPHP ServerBase::TimerProc : GetProcessVersion MySQL (pid: 2716) error 5
09/11 10:39:34 EasyPHP CreateProcess "E:\EASYPH~1.10\MySql\bin\mysqld.exe --defaults-file="E:\EASYPH~1.10\MySql\my.ini" --language=english"
09/11 10:57:41 EasyPHP EasyPHP Stop the servers
09/11 10:57:41 EasyPHP Apache stop event: ap5896_shutdown
09/11 10:57:44 EasyPHP MySqlSutdown event = MySQLShutdown5288
09/11 10:57:44 EasyPHP End EasyPHP...
14/11 17:51:43 EasyPHP EasyPHP Servers starting
14/11 17:51:48 EasyPHP VerifyConfFile : WaitForSingleObject timeout for pid 3332
14/11 17:51:49 EasyPHP StartChildProcess "F:\EASYPH~1.10\Apache\bin\apache.exe"
14/11 17:51:51 EasyPHP Apache::StartExe ScanProcess found pid=2596
14/11 17:51:52 EasyPHP CreateProcess "F:\EASYPH~1.10\MySql\bin\mysqld.exe --defaults-file="F:\EASYPH~1.10\MySql\my.ini" --language=english"
14/11 17:51:54 EasyPHP MySql   Configuration file changed
14/11 17:51:54 EasyPHP MySqlSutdown event = MySQLShutdown5776
14/11 17:51:54 EasyPHP MySqlSutdown event open fail = 2
14/11 17:51:54 EasyPHP Apache  Configuration file changed
14/11 17:51:54 EasyPHP Apache restart event: ap2596_restart
23/11 09:56:10 EasyPHP EasyPHP Servers starting
23/11 09:56:15 EasyPHP VerifyConfFile : WaitForSingleObject timeout for pid 5824
23/11 09:56:16 EasyPHP StartChildProcess "E:\EASYPH~1.10\Apache\bin\apache.exe"
23/11 09:56:18 EasyPHP Apache::StartExe ScanProcess found pid=4260
23/11 09:56:19 EasyPHP CreateProcess "E:\EASYPH~1.10\MySql\bin\mysqld.exe --defaults-file="E:\EASYPH~1.10\MySql\my.ini" --language=english"
23/11 09:56:20 EasyPHP MySql   Configuration file changed
23/11 09:56:20 EasyPHP MySqlSutdown event = MySQLShutdown1652
23/11 09:56:20 EasyPHP MySqlSutdown event open fail = 2
23/11 09:56:21 EasyPHP Apache  Configuration file changed
23/11 09:56:21 EasyPHP Apache restart event: ap4260_restart
23/11 11:03:19 EasyPHP EasyPHP Stop the servers
23/11 11:03:19 EasyPHP Apache stop event: ap4260_shutdown
23/11 11:03:22 EasyPHP End EasyPHP...
11/12 15:37:18 EasyPHP EasyPHP Servers starting
11/12 15:37:23 EasyPHP VerifyConfFile : WaitForSingleObject timeout for pid 7092
11/12 15:37:24 EasyPHP StartChildProcess "E:\EASYPH~1.10\Apache\bin\apache.exe"
11/12 15:37:26 EasyPHP Apache::StartExe ScanProcess found pid=4912
11/12 15:37:27 EasyPHP CreateProcess "E:\EASYPH~1.10\MySql\bin\mysqld.exe --defaults-file="E:\EASYPH~1.10\MySql\my.ini" --language=english"
11/12 15:37:29 EasyPHP MySql   Configuration file changed
11/12 15:37:29 EasyPHP MySqlSutdown event = MySQLShutdown6232
11/12 15:37:29 EasyPHP MySqlSutdown event open fail = 2
11/12 15:37:31 EasyPHP Apache  Configuration file changed
11/12 15:37:31 EasyPHP Apache restart event: ap4912_restart
11/12 16:04:10 EasyPHP MySQL ServerBase::Start ScanProcess -> 6232
11/12 16:04:10 EasyPHP ServerBase::TimerProc : GetProcessVersion MySQL (pid: 6232) error 5
11/12 16:04:14 EasyPHP CreateProcess "E:\EASYPH~1.10\MySql\bin\mysqld.exe --defaults-file="E:\EASYPH~1.10\MySql\my.ini" --language=english"
11/12 16:18:52 EasyPHP EasyPHP Stop the servers
11/12 16:18:52 EasyPHP Apache stop event: ap4912_shutdown
11/12 16:18:54 EasyPHP MySqlSutdown event = MySQLShutdown2356
11/12 16:18:54 EasyPHP End EasyPHP...
04/12 09:58:07 EasyPHP EasyPHP Servers starting
04/12 09:58:12 EasyPHP VerifyConfFile : WaitForSingleObject timeout for pid 5868
04/12 09:58:13 EasyPHP StartChildProcess "F:\FOUNDA~2\DATACO~1\EASYPH~1.10-\Apache\bin\apache.exe"
04/12 09:58:14 EasyPHP Apache::StartExe ScanProcess found pid=0
04/12 09:58:15 EasyPHP CreateProcess "F:\FOUNDA~2\DATACO~1\EASYPH~1.10-\MySql\bin\mysqld.exe --defaults-file="F:\FOUNDA~2\DATACO~1\EASYPH~1.10-\MySql\my.ini" --language=english"
04/12 09:58:16 EasyPHP ServerBase::TimerProc : GetProcessVersion MySQL (pid: 6332) error 5
04/12 09:58:16 EasyPHP MySql   Unexpected end of MySql !
04/12 09:58:26 EasyPHP VerifyConfFile : WaitForSingleObject timeout for pid 7956
04/12 09:58:27 EasyPHP StartChildProcess "F:\FOUNDA~2\DATACO~1\EASYPH~1.10-\Apache\bin\apache.exe"
04/12 09:58:29 EasyPHP Apache::StartExe ScanProcess found pid=0
04/12 09:58:30 EasyPHP EasyPHP Stop the servers
04/12 09:58:30 EasyPHP End EasyPHP...
04/12 09:58:33 EasyPHP EasyPHP Servers starting
04/12 09:58:37 EasyPHP VerifyConfFile : WaitForSingleObject timeout for pid 2560
04/12 09:58:38 EasyPHP StartChildProcess "F:\FOUNDA~2\DATACO~1\EASYPH~1.10-\Apache\bin\apache.exe"
04/12 09:58:40 EasyPHP Apache::StartExe ScanProcess found pid=7636
04/12 09:58:41 EasyPHP CreateProcess "F:\FOUNDA~2\DATACO~1\EASYPH~1.10-\MySql\bin\mysqld.exe --defaults-file="F:\FOUNDA~2\DATACO~1\EASYPH~1.10-\MySql\my.ini" --language=english"
04/12 09:58:41 EasyPHP MySql   Configuration file changed
04/12 09:58:41 EasyPHP MySqlSutdown event = MySQLShutdown7988
04/12 09:58:41 EasyPHP MySqlSutdown event open fail = 2
04/12 09:58:41 EasyPHP Apache  Configuration file changed
04/12 09:58:41 EasyPHP Apache restart event: ap7636_restart
04/12 09:58:53 EasyPHP CreateProcess "F:\FOUNDA~2\DATACO~1\EASYPH~1.10-\MySql\bin\mysqld.exe --defaults-file="F:\FOUNDA~2\DATACO~1\EASYPH~1.10-\MySql\my.ini" --language=english"
04/12 10:27:14 EasyPHP EasyPHP Stop the servers
04/12 10:27:14 EasyPHP Apache stop event: ap7636_shutdown
04/12 10:27:22 EasyPHP MySqlSutdown event = MySQLShutdown3284
04/12 10:27:22 EasyPHP ServerBase::TimerProc : GetProcessVersion Apache2 (pid: 7636) error 5
04/12 10:27:23 EasyPHP EasyPHP Stop the servers
04/12 10:27:23 EasyPHP End EasyPHP...
08/01 10:12:47 EasyPHP EasyPHP Servers starting
08/01 10:12:51 EasyPHP VerifyConfFile : WaitForSingleObject timeout for pid 4988
08/01 10:12:52 EasyPHP StartChildProcess "F:\FOUNDA~2\WEBBAS~1\EASYPH~1.10-\Apache\bin\apache.exe"
08/01 10:12:54 EasyPHP Apache::StartExe ScanProcess found pid=6160
08/01 10:12:55 EasyPHP CreateProcess "F:\FOUNDA~2\WEBBAS~1\EASYPH~1.10-\MySql\bin\mysqld.exe --defaults-file="F:\FOUNDA~2\WEBBAS~1\EASYPH~1.10-\MySql\my.ini" --language=english"
08/01 10:12:56 EasyPHP MySql   Configuration file changed
08/01 10:12:56 EasyPHP MySqlSutdown event = MySQLShutdown7324
08/01 10:12:56 EasyPHP MySqlSutdown event open fail = 2
08/01 10:12:56 EasyPHP Apache  Configuration file changed
08/01 10:12:56 EasyPHP Apache restart event: ap6160_restart
08/01 10:13:18 EasyPHP MySQL ServerBase::Start ScanProcess -> 7324
08/01 10:13:18 EasyPHP ServerBase::TimerProc : GetProcessVersion MySQL (pid: 7324) error 5
08/01 10:13:25 EasyPHP CreateProcess "F:\FOUNDA~2\WEBBAS~1\EASYPH~1.10-\MySql\bin\mysqld.exe --defaults-file="F:\FOUNDA~2\WEBBAS~1\EASYPH~1.10-\MySql\my.ini" --language=english"
08/01 10:27:33 EasyPHP EasyPHP Stop the servers
08/01 10:27:33 EasyPHP Apache stop event: ap6160_shutdown
08/01 10:27:35 EasyPHP MySqlSutdown event = MySQLShutdown3620
08/01 10:27:35 EasyPHP End EasyPHP...
09/01 10:24:48 EasyPHP EasyPHP Servers starting
09/01 10:24:52 EasyPHP VerifyConfFile : WaitForSingleObject timeout for pid 1512
09/01 10:24:53 EasyPHP StartChildProcess "E:\EASYPH~1.10-\Apache\bin\apache.exe"
09/01 10:24:54 EasyPHP Apache::StartExe ScanProcess found pid=2592
09/01 10:24:55 EasyPHP CreateProcess "E:\EASYPH~1.10-\MySql\bin\mysqld.exe --defaults-file="E:\EASYPH~1.10-\MySql\my.ini" --language=english"
09/01 10:24:55 EasyPHP MySql   Configuration file changed
09/01 10:24:55 EasyPHP MySqlSutdown event = MySQLShutdown5716
09/01 10:24:55 EasyPHP MySqlSutdown event open fail = 2
09/01 10:24:55 EasyPHP Apache  Configuration file changed
09/01 10:24:55 EasyPHP Apache restart event: ap2592_restart
09/01 10:25:11 EasyPHP CreateProcess "E:\EASYPH~1.10-\MySql\bin\mysqld.exe --defaults-file="E:\EASYPH~1.10-\MySql\my.ini" --language=english"
09/01 11:23:10 EasyPHP EasyPHP Stop the servers
09/01 11:23:10 EasyPHP Apache stop event: ap2592_shutdown
09/01 13:19:26 EasyPHP EasyPHP Servers starting
09/01 13:19:30 EasyPHP VerifyConfFile : WaitForSingleObject timeout for pid 5828
09/01 13:19:31 EasyPHP StartChildProcess "E:\EASYPH~1.10-\Apache\bin\apache.exe"
09/01 13:19:32 EasyPHP Apache::StartExe ScanProcess found pid=4992
09/01 13:19:32 EasyPHP MySql   Configuration file changed
09/01 13:19:32 EasyPHP MySqlSutdown event = MySQLShutdown5212
09/01 13:19:32 EasyPHP Apache  Configuration file changed
09/01 13:19:32 EasyPHP Apache restart event: ap4992_restart
09/01 13:19:34 EasyPHP ServerBase::TimerProc : GetProcessVersion MySQL (pid: 5212) error 5
09/01 13:19:35 EasyPHP CreateProcess "E:\EASYPH~1.10-\MySql\bin\mysqld.exe --defaults-file="E:\EASYPH~1.10-\MySql\my.ini" --language=english"
09/01 14:10:02 EasyPHP EasyPHP Stop the servers
09/01 14:10:02 EasyPHP Apache stop event: ap4992_shutdown
09/01 14:10:02 EasyPHP Apache::StopExe stop event fail : 2
09/01 14:10:03 EasyPHP MySqlSutdown event = MySQLShutdown4432
09/01 14:10:03 EasyPHP MySqlSutdown event open fail = 2
09/01 14:37:23 EasyPHP EasyPHP Servers starting
09/01 14:37:27 EasyPHP StartChildProcess "F:\EASYPH~1.10-\Apache\bin\apache.exe"
09/01 14:37:29 EasyPHP Apache::StartExe ScanProcess found pid=14712
09/01 14:37:30 EasyPHP CreateProcess "F:\EASYPH~1.10-\MySql\bin\mysqld.exe --defaults-file="F:\EASYPH~1.10-\MySql\my.ini" --language=english"
09/01 14:37:31 EasyPHP MySql   Configuration file changed
09/01 14:37:31 EasyPHP MySqlSutdown event = MySQLShutdown14472
09/01 14:37:31 EasyPHP MySqlSutdown event open fail = 2
09/01 14:37:32 EasyPHP Apache  Configuration file changed
09/01 14:37:32 EasyPHP Apache restart event: ap14712_restart
09/01 14:38:16 EasyPHP CreateProcess "F:\EASYPH~1.10-\MySql\bin\mysqld.exe --defaults-file="F:\EASYPH~1.10-\MySql\my.ini" --language=english"
09/01 15:12:52 EasyPHP ServerBase::TimerProc : GetProcessVersion MySQL (pid: 8240) error 5
09/01 15:12:52 EasyPHP MySql   Unexpected end of MySql !
09/01 15:18:35 EasyPHP CreateProcess "F:\EASYPH~1.10-\MySql\bin\mysqld.exe --defaults-file="F:\EASYPH~1.10-\MySql\my.ini" --language=english"
09/01 15:48:12 EasyPHP EasyPHP Stop the servers
09/01 15:48:12 EasyPHP Apache stop event: ap14712_shutdown
09/01 15:48:12 EasyPHP Apache::StopExe stop event fail : 2
09/01 15:48:14 EasyPHP MySqlSutdown event = MySQLShutdown9416
09/01 15:48:14 EasyPHP MySqlSutdown event open fail = 2
10/01 15:14:58 EasyPHP EasyPHP Servers starting
10/01 15:15:02 EasyPHP StartChildProcess "F:\EASYPH~1.10-\Apache\bin\apache.exe"
10/01 15:15:04 EasyPHP Apache::StartExe ScanProcess found pid=15496
10/01 15:15:05 EasyPHP CreateProcess "F:\EASYPH~1.10-\MySql\bin\mysqld.exe --defaults-file="F:\EASYPH~1.10-\MySql\my.ini" --language=english"
10/01 15:15:05 EasyPHP MySql   Configuration file changed
10/01 15:15:05 EasyPHP MySqlSutdown event = MySQLShutdown7440
10/01 15:15:05 EasyPHP MySqlSutdown event open fail = 2
10/01 15:15:05 EasyPHP Apache  Configuration file changed
10/01 15:15:05 EasyPHP Apache restart event: ap15496_restart
10/01 15:15:28 EasyPHP CreateProcess "F:\EASYPH~1.10-\MySql\bin\mysqld.exe --defaults-file="F:\EASYPH~1.10-\MySql\my.ini" --language=english"
10/01 20:02:07 EasyPHP EasyPHP Stop the servers
10/01 20:02:07 EasyPHP Apache stop event: ap15496_shutdown
10/01 20:02:08 EasyPHP MySqlSutdown event = MySQLShutdown2096
10/01 20:02:08 EasyPHP MySqlSutdown event open fail = 2
11/01 14:07:20 EasyPHP EasyPHP Servers starting
11/01 14:07:23 EasyPHP StartChildProcess "F:\EASYPH~1.10-\Apache\bin\apache.exe"
11/01 14:07:24 EasyPHP Apache::StartExe ScanProcess found pid=7728
11/01 14:07:25 EasyPHP CreateProcess "F:\EASYPH~1.10-\MySql\bin\mysqld.exe --defaults-file="F:\EASYPH~1.10-\MySql\my.ini" --language=english"
11/01 14:07:26 EasyPHP MySql   Configuration file changed
11/01 14:07:26 EasyPHP MySqlSutdown event = MySQLShutdown16256
11/01 14:07:26 EasyPHP MySqlSutdown event open fail = 2
11/01 14:07:26 EasyPHP Apache  Configuration file changed
11/01 14:07:26 EasyPHP Apache restart event: ap7728_restart
11/01 14:07:46 EasyPHP CreateProcess "F:\EASYPH~1.10-\MySql\bin\mysqld.exe --defaults-file="F:\EASYPH~1.10-\MySql\my.ini" --language=english"
11/01 16:05:39 EasyPHP EasyPHP Stop the servers
11/01 16:05:39 EasyPHP Apache stop event: ap7728_shutdown
11/01 16:05:41 EasyPHP MySqlSutdown event = MySQLShutdown900
11/01 16:05:41 EasyPHP End EasyPHP...
11/01 16:06:16 EasyPHP EasyPHP Servers starting
11/01 16:06:20 EasyPHP VerifyConfFile : WaitForSingleObject timeout for pid 17168
11/01 16:06:20 EasyPHP Apache2 ServerBase::Start ScanProcess -> 4884
11/01 16:06:21 EasyPHP CreateProcess "F:\EASYPH~1.10-\MySql\bin\mysqld.exe --defaults-file="F:\EASYPH~1.10-\MySql\my.ini" --language=english"
11/01 16:06:28 EasyPHP ServerBase::TimerProc : GetProcessVersion Apache2 (pid: 4884) error 87
11/01 16:06:28 EasyPHP Apache  Unexpected end of Apache !
11/01 16:07:13 EasyPHP StartChildProcess "F:\EASYPH~1.10-\Apache\bin\apache.exe"
11/01 16:07:15 EasyPHP Apache::StartExe ScanProcess found pid=10260
11/01 18:59:05 EasyPHP EasyPHP Stop the servers
11/01 18:59:06 EasyPHP Apache stop event: ap10260_shutdown
11/01 18:59:06 EasyPHP MySqlSutdown event = MySQLShutdown10532
11/01 18:59:06 EasyPHP MySqlSutdown event open fail = 2
11/01 19:32:39 EasyPHP EasyPHP Servers starting
11/01 19:32:41 EasyPHP StartChildProcess "F:\EASYPH~1.10-\Apache\bin\apache.exe"
11/01 19:32:42 EasyPHP Apache::StartExe ScanProcess found pid=204
11/01 19:32:43 EasyPHP CreateProcess "F:\EASYPH~1.10-\MySql\bin\mysqld.exe --defaults-file="F:\EASYPH~1.10-\MySql\my.ini" --language=english"
11/01 21:15:39 EasyPHP EasyPHP Stop the servers
11/01 21:15:39 EasyPHP Apache stop event: ap204_shutdown
11/01 21:15:42 EasyPHP MySqlSutdown event = MySQLShutdown12156
11/01 21:15:42 EasyPHP End EasyPHP...
14/01 17:52:03 EasyPHP EasyPHP Servers starting
14/01 17:52:07 EasyPHP StartChildProcess "F:\EASYPH~1.10-\Apache\bin\apache.exe"
14/01 17:52:09 EasyPHP Apache::StartExe ScanProcess found pid=14208
14/01 17:52:10 EasyPHP CreateProcess "F:\EASYPH~1.10-\MySql\bin\mysqld.exe --defaults-file="F:\EASYPH~1.10-\MySql\my.ini" --language=english"
14/01 22:19:44 EasyPHP EasyPHP Stop the servers
14/01 22:19:44 EasyPHP Apache stop event: ap14208_shutdown
14/01 22:19:44 EasyPHP Apache::StopExe stop event fail : 2
14/01 22:19:45 EasyPHP MySqlSutdown event = MySQLShutdown9188
14/01 22:19:45 EasyPHP MySqlSutdown event open fail = 2
15/01 09:03:16 EasyPHP EasyPHP Servers starting
15/01 09:03:19 EasyPHP VerifyConfFile : WaitForSingleObject timeout for pid 7484
15/01 09:03:21 EasyPHP StartChildProcess "E:\EASYPH~1.10-\Apache\bin\apache.exe"
15/01 09:03:22 EasyPHP Apache::StartExe ScanProcess found pid=7604
15/01 09:03:23 EasyPHP CreateProcess "E:\EASYPH~1.10-\MySql\bin\mysqld.exe --defaults-file="E:\EASYPH~1.10-\MySql\my.ini" --language=english"
15/01 09:03:26 EasyPHP MySql   Configuration file changed
15/01 09:03:26 EasyPHP MySqlSutdown event = MySQLShutdown7748
15/01 09:03:26 EasyPHP MySqlSutdown event open fail = 2
15/01 09:03:26 EasyPHP Apache  Configuration file changed
15/01 09:03:26 EasyPHP Apache restart event: ap7604_restart
15/01 09:03:31 EasyPHP CreateProcess "E:\EASYPH~1.10-\MySql\bin\mysqld.exe --defaults-file="E:\EASYPH~1.10-\MySql\my.ini" --language=english"
15/01 09:03:37 EasyPHP CreateProcess "E:\EASYPH~1.10-\MySql\bin\mysqld.exe --defaults-file="E:\EASYPH~1.10-\MySql\my.ini" --language=english"
15/01 10:08:22 EasyPHP EasyPHP Stop the servers
15/01 10:08:22 EasyPHP Apache stop event: ap7604_shutdown
15/01 10:08:36 EasyPHP MySqlSutdown event = MySQLShutdown3440
15/01 10:08:36 EasyPHP End EasyPHP...
15/01 10:11:55 EasyPHP EasyPHP Servers starting
15/01 10:11:59 EasyPHP VerifyConfFile : WaitForSingleObject timeout for pid 3036
15/01 10:12:00 EasyPHP StartChildProcess "E:\EASYPH~1.10-\Apache\bin\apache.exe"
15/01 10:12:01 EasyPHP Apache::StartExe ScanProcess found pid=4396
15/01 10:12:03 EasyPHP CreateProcess "E:\EASYPH~1.10-\MySql\bin\mysqld.exe --defaults-file="E:\EASYPH~1.10-\MySql\my.ini" --language=english"
15/01 10:12:05 EasyPHP OnExplore : E:\EasyPHP5.2.10 - Copy/www"

15/01 10:12:07 EasyPHP Apache stop event: ap4396_shutdown
15/01 10:12:10 EasyPHP ServerBase::TimerProc : GetProcessVersion Apache2 (pid: 4396) error 5
15/01 10:12:11 EasyPHP MySqlSutdown event = MySQLShutdown3272
15/01 10:12:13 EasyPHP ServerBase::TimerProc : GetProcessVersion MySQL (pid: 3272) error 5
15/01 10:12:21 EasyPHP EasyPHP Stop the servers
15/01 10:12:21 EasyPHP End EasyPHP...
15/01 10:14:10 EasyPHP EasyPHP Servers starting
15/01 10:14:14 EasyPHP VerifyConfFile : WaitForSingleObject timeout for pid 7980
15/01 10:14:15 EasyPHP StartChildProcess "E:\YEARTW~1\WEBBAS~1\EASYPH~1.10-\Apache\bin\apache.exe"
15/01 10:14:17 EasyPHP Apache::StartExe ScanProcess found pid=4140
15/01 10:14:18 EasyPHP CreateProcess "E:\YEARTW~1\WEBBAS~1\EASYPH~1.10-\MySql\bin\mysqld.exe --defaults-file="E:\YEARTW~1\WEBBAS~1\EASYPH~1.10-\MySql\my.ini" --language=english"
15/01 10:14:18 EasyPHP MySql   Configuration file changed
15/01 10:14:18 EasyPHP MySqlSutdown event = MySQLShutdown3108
15/01 10:14:18 EasyPHP MySqlSutdown event open fail = 2
15/01 10:14:18 EasyPHP Apache  Configuration file changed
15/01 10:14:18 EasyPHP Apache restart event: ap4140_restart
15/01 10:14:25 EasyPHP CreateProcess "E:\YEARTW~1\WEBBAS~1\EASYPH~1.10-\MySql\bin\mysqld.exe --defaults-file="E:\YEARTW~1\WEBBAS~1\EASYPH~1.10-\MySql\my.ini" --language=english"
15/01 11:02:22 EasyPHP EasyPHP Stop the servers
15/01 11:02:22 EasyPHP Apache stop event: ap4140_shutdown
15/01 11:02:25 EasyPHP MySqlSutdown event = MySQLShutdown7832
15/01 11:02:25 EasyPHP End EasyPHP...
22/01 09:07:06 EasyPHP EasyPHP Servers starting
22/01 09:07:10 EasyPHP VerifyConfFile : WaitForSingleObject timeout for pid 8024
22/01 09:07:11 EasyPHP StartChildProcess "E:\YEARTW~1\WEBBAS~1\EASYPH~1.10-\Apache\bin\apache.exe"
22/01 09:07:12 EasyPHP Apache::StartExe ScanProcess found pid=7900
22/01 09:07:14 EasyPHP OnExplore : E:\Year Two\Web based databases\EasyPHP5.2.10 - Copy/www"

22/01 10:29:15 EasyPHP EasyPHP Stop the servers
22/01 10:29:15 EasyPHP Apache stop event: ap7900_shutdown
22/01 10:29:15 EasyPHP Apache::StopExe stop event fail : 2
22/01 10:29:16 EasyPHP MySqlSutdown event = MySQLShutdown7912
29/01 08:59:05 EasyPHP EasyPHP Servers starting
29/01 08:59:09 EasyPHP VerifyConfFile : WaitForSingleObject timeout for pid 3940
29/01 08:59:10 EasyPHP StartChildProcess "E:\YEARTW~1\WEBBAS~1\EASYPH~1.10-\Apache\bin\apache.exe"
29/01 08:59:12 EasyPHP Apache::StartExe ScanProcess found pid=7632
29/01 08:59:13 EasyPHP CreateProcess "E:\YEARTW~1\WEBBAS~1\EASYPH~1.10-\MySql\bin\mysqld.exe --defaults-file="E:\YEARTW~1\WEBBAS~1\EASYPH~1.10-\MySql\my.ini" --language=english"
29/01 11:01:45 EasyPHP EasyPHP Stop the servers
29/01 11:01:45 EasyPHP Apache stop event: ap7632_shutdown
29/01 11:01:47 EasyPHP MySqlSutdown event = MySQLShutdown1448
29/01 11:01:47 EasyPHP End EasyPHP...
05/02 09:43:07 EasyPHP EasyPHP Servers starting
05/02 09:43:11 EasyPHP VerifyConfFile : WaitForSingleObject timeout for pid 7552
05/02 09:43:12 EasyPHP StartChildProcess "E:\YEARTW~1\WEBBAS~1\EASYPH~1.10-\Apache\bin\apache.exe"
05/02 09:43:14 EasyPHP Apache::StartExe ScanProcess found pid=400
05/02 09:43:15 EasyPHP CreateProcess "E:\YEARTW~1\WEBBAS~1\EASYPH~1.10-\MySql\bin\mysqld.exe --defaults-file="E:\YEARTW~1\WEBBAS~1\EASYPH~1.10-\MySql\my.ini" --language=english"
05/02 09:43:18 EasyPHP OnExplore : E:\Year Two\Web based databases\EasyPHP5.2.10 - Copy/www"

05/02 09:43:32 EasyPHP OnExplore : E:\Year Two\Web based databases\EasyPHP5.2.10 - Copy/www"

05/02 10:31:39 EasyPHP EasyPHP Stop the servers
05/02 10:31:39 EasyPHP Apache stop event: ap400_shutdown
05/02 10:31:41 EasyPHP MySqlSutdown event = MySQLShutdown7576
05/02 10:31:41 EasyPHP End EasyPHP...
19/02 08:45:29 EasyPHP EasyPHP Servers starting
19/02 08:45:33 EasyPHP VerifyConfFile : WaitForSingleObject timeout for pid 4084
19/02 08:45:34 EasyPHP StartChildProcess "E:\YEARTW~1\WEBBAS~1\EASYPH~1.10-\Apache\bin\apache.exe"
19/02 08:45:36 EasyPHP Apache::StartExe ScanProcess found pid=4332
19/02 08:45:37 EasyPHP CreateProcess "E:\YEARTW~1\WEBBAS~1\EASYPH~1.10-\MySql\bin\mysqld.exe --defaults-file="E:\YEARTW~1\WEBBAS~1\EASYPH~1.10-\MySql\my.ini" --language=english"
19/02 13:01:01 EasyPHP EasyPHP Stop the servers
19/02 13:01:01 EasyPHP Apache stop event: ap4332_shutdown
19/02 13:01:01 EasyPHP Apache::StopExe stop event fail : 2
19/02 13:01:02 EasyPHP MySqlSutdown event = MySQLShutdown6292
19/02 13:01:02 EasyPHP MySqlSutdown event open fail = 2
30/04 16:03:38 EasyPHP EasyPHP Servers starting
30/04 16:03:42 EasyPHP VerifyConfFile : WaitForSingleObject timeout for pid 19840
30/04 16:03:42 EasyPHP Apache2 ServerBase::Start ScanProcess -> 14000
30/04 16:03:43 EasyPHP CreateProcess "F:\YEARTW~1\WEBBAS~1\EASYPH~1.10-\MySql\bin\mysqld.exe --defaults-file="F:\YEARTW~1\WEBBAS~1\EASYPH~1.10-\MySql\my.ini" --language=english"
30/04 16:03:43 EasyPHP MySql   Configuration file changed
30/04 16:03:43 EasyPHP MySqlSutdown event = MySQLShutdown17392
30/04 16:03:43 EasyPHP MySqlSutdown event open fail = 2
30/04 16:03:43 EasyPHP Apache  Configuration file changed
30/04 16:03:43 EasyPHP Apache restart event: ap14000_restart
30/04 16:03:45 EasyPHP ServerBase::TimerProc : GetProcessVersion Apache2 (pid: 14000) error 87
30/04 16:03:45 EasyPHP Apache  Unexpected end of Apache !
30/04 16:04:13 EasyPHP StartChildProcess "F:\YEARTW~1\WEBBAS~1\EASYPH~1.10-\Apache\bin\apache.exe"
30/04 16:04:15 EasyPHP Apache::StartExe ScanProcess found pid=18396
30/04 16:04:19 EasyPHP CreateProcess "F:\YEARTW~1\WEBBAS~1\EASYPH~1.10-\MySql\bin\mysqld.exe --defaults-file="F:\YEARTW~1\WEBBAS~1\EASYPH~1.10-\MySql\my.ini" --language=english"
30/04 16:04:24 EasyPHP CreateProcess "F:\YEARTW~1\WEBBAS~1\EASYPH~1.10-\MySql\bin\mysqld.exe --defaults-file="F:\YEARTW~1\WEBBAS~1\EASYPH~1.10-\MySql\my.ini" --language=english"
30/04 16:12:59 EasyPHP EasyPHP Stop the servers
30/04 16:12:59 EasyPHP Apache stop event: ap18396_shutdown
30/04 16:13:11 EasyPHP MySqlSutdown event = MySQLShutdown20404
30/04 16:13:11 EasyPHP ServerBase::TimerProc : GetProcessVersion Apache2 (pid: 18396) error 5
30/04 16:13:13 EasyPHP ServerBase::TimerProc : GetProcessVersion MySQL (pid: 20404) error 5
30/04 16:13:16 EasyPHP EasyPHP Stop the servers
30/04 16:13:16 EasyPHP End EasyPHP...
