111102 11:27:26 [Note] Plugin 'FEDERATED' is disabled.
111102 11:27:27  InnoDB: Started; log sequence number 0 44233
111102 11:27:28 [Note] Event Scheduler: Loaded 0 events
111102 11:27:28 [Note] E:\EASYPH~1.10\MySql\bin\mysqld.exe: ready for connections.
Version: '5.1.37-community-log'  socket: ''  port: 3306  MySQL Community Server (GPL)
111102 11:36:42 [Note] Plugin 'FEDERATED' is disabled.
111102 11:36:42  InnoDB: Started; log sequence number 0 44233
111102 11:36:42 [Note] Recovering after a crash using mysql-bin
111102 11:36:42 [Note] Starting crash recovery...
111102 11:36:42 [Note] Crash recovery finished.
111102 11:36:43 [Note] Event Scheduler: Loaded 0 events
111102 11:36:43 [Note] E:\EASYPH~1.10\MySql\bin\mysqld.exe: ready for connections.
Version: '5.1.37-community-log'  socket: ''  port: 3306  MySQL Community Server (GPL)
111102 12:25:00 [Note] E:\EASYPH~1.10\MySql\bin\mysqld.exe: Normal shutdown

111102 12:25:00 [Note] Event Scheduler: Purging the queue. 0 events
111102 12:25:00  InnoDB: Starting shutdown...
111102 12:25:01  InnoDB: Shutdown completed; log sequence number 0 44233
111102 12:25:01 [Warning] Forcing shutdown of 1 plugins
111102 12:25:01 [Note] E:\EASYPH~1.10\MySql\bin\mysqld.exe: Shutdown complete

111114  9:15:03 [Note] Plugin 'FEDERATED' is disabled.
111114  9:15:05  InnoDB: Started; log sequence number 0 44233
111114  9:15:08 [Note] Event Scheduler: Loaded 0 events
111114  9:15:08 [Note] E:\EASYPH~1.10\MySql\bin\mysqld.exe: ready for connections.
Version: '5.1.37-community-log'  socket: ''  port: 3306  MySQL Community Server (GPL)
120118 11:44:46 [Note] Plugin 'FEDERATED' is disabled.
120118 11:44:47  InnoDB: Started; log sequence number 0 44233
120118 11:44:47 [Note] Recovering after a crash using mysql-bin
120118 11:44:47 [Note] Starting crash recovery...
120118 11:44:47 [Note] Crash recovery finished.
120118 11:44:48 [Note] Event Scheduler: Loaded 0 events
120118 11:44:48 [Note] E:\EASYPH~1.10\MySql\bin\mysqld.exe: ready for connections.
Version: '5.1.37-community-log'  socket: ''  port: 3306  MySQL Community Server (GPL)
