171204  9:58:41 [Note] Plugin 'FEDERATED' is disabled.
171204  9:58:42  InnoDB: Started; log sequence number 0 44233
171204  9:58:42 [Note] Event Scheduler: Loaded 0 events
171204  9:58:42 [Note] F:\FOUNDA~2\DATACO~1\EASYPH~1.10-\MySql\bin\mysqld.exe: ready for connections.
Version: '5.1.37-community-log'  socket: ''  port: 3306  MySQL Community Server (GPL)
171204  9:58:53 [Note] Plugin 'FEDERATED' is disabled.
171204  9:58:53  InnoDB: Started; log sequence number 0 44233
171204  9:58:53 [Note] Recovering after a crash using mysql-bin
171204  9:58:53 [Note] Starting crash recovery...
171204  9:58:53 [Note] Crash recovery finished.
171204  9:58:54 [Note] Event Scheduler: Loaded 0 events
171204  9:58:54 [Note] F:\FOUNDA~2\DATACO~1\EASYPH~1.10-\MySql\bin\mysqld.exe: ready for connections.
Version: '5.1.37-community-log'  socket: ''  port: 3306  MySQL Community Server (GPL)
171204 10:27:22 [Note] F:\FOUNDA~2\DATACO~1\EASYPH~1.10-\MySql\bin\mysqld.exe: Normal shutdown

171204 10:27:22 [Note] Event Scheduler: Purging the queue. 0 events
171204 10:27:22  InnoDB: Starting shutdown...
171204 10:27:23  InnoDB: Shutdown completed; log sequence number 0 44233
171204 10:27:23 [Warning] Forcing shutdown of 1 plugins
171204 10:27:23 [Note] F:\FOUNDA~2\DATACO~1\EASYPH~1.10-\MySql\bin\mysqld.exe: Shutdown complete

180108 10:12:56 [Note] Plugin 'FEDERATED' is disabled.
180108 10:12:56  InnoDB: Started; log sequence number 0 44233
180108 10:12:57 [Note] Event Scheduler: Loaded 0 events
180108 10:12:57 [Note] F:\FOUNDA~2\WEBBAS~1\EASYPH~1.10-\MySql\bin\mysqld.exe: ready for connections.
Version: '5.1.37-community-log'  socket: ''  port: 3306  MySQL Community Server (GPL)
180108 10:13:25 [Note] Plugin 'FEDERATED' is disabled.
180108 10:13:26  InnoDB: Started; log sequence number 0 44233
180108 10:13:26 [Note] Recovering after a crash using mysql-bin
180108 10:13:26 [Note] Starting crash recovery...
180108 10:13:26 [Note] Crash recovery finished.
180108 10:13:26 [Note] Event Scheduler: Loaded 0 events
180108 10:13:26 [Note] F:\FOUNDA~2\WEBBAS~1\EASYPH~1.10-\MySql\bin\mysqld.exe: ready for connections.
Version: '5.1.37-community-log'  socket: ''  port: 3306  MySQL Community Server (GPL)
180108 10:27:35 [Note] F:\FOUNDA~2\WEBBAS~1\EASYPH~1.10-\MySql\bin\mysqld.exe: Normal shutdown

180108 10:27:35 [Note] Event Scheduler: Purging the queue. 0 events
180108 10:27:35  InnoDB: Starting shutdown...
180108 10:27:36  InnoDB: Shutdown completed; log sequence number 0 44233
180108 10:27:36 [Warning] Forcing shutdown of 1 plugins
180108 10:27:36 [Note] F:\FOUNDA~2\WEBBAS~1\EASYPH~1.10-\MySql\bin\mysqld.exe: Shutdown complete

